# JRE version: OpenJDK Runtime Environment Temurin-17.0.12+7 (17.0.12+7) (build 17.0.12+7)
# Java VM: OpenJDK 64-Bit Server VM Temurin-17.0.12+7 (17.0.12+7, mixed mode, emulated-client, tiered, compressed oops, compressed class ptrs, g1 gc, windows-amd64)
GC Precious Log:
 CPUs: 8 total, 8 available
 Memory: 8073M
 Large Page Support: Disabled
 NUMA Support: Disabled
 Compressed Oops: Enabled (32-bit)
 Heap Region Size: 1M
 Heap Min Capacity: 8M
 Heap Initial Capacity: 128M
 Heap Max Capacity: 1G
 Pre-touch: Disabled
 Parallel Workers: 8
 Concurrent Workers: 2
 Concurrent Refinement Workers: 8
 Periodic GC: Disabled
Heap:
 garbage-first heap   total 152576K, used 59465K [0x00000000c0000000, 0x0000000100000000)
  region size 1024K, 1 young (1024K), 0 survivors (0K)
 Metaspace       used 64050K, committed 64576K, reserved 1114112K
  class space    used 7915K, committed 8192K, reserved 1048576K
GC Heap History (20 events):
Event: 42475.726 GC heap after
{Heap after GC invocations=2043 (full 1899):
 garbage-first heap   total 152576K, used 59465K [0x00000000c0000000, 0x0000000100000000)
  region size 1024K, 0 young (0K), 0 survivors (0K)
 Metaspace       used 64050K, committed 64576K, reserved 1114112K
  class space    used 7915K, committed 8192K, reserved 1048576K
}
Event: 42485.885 GC heap before
{Heap before GC invocations=2043 (full 1899):
 garbage-first heap   total 152576K, used 59465K [0x00000000c0000000, 0x0000000100000000)
  region size 1024K, 1 young (1024K), 0 survivors (0K)
 Metaspace       used 64050K, committed 64576K, reserved 1114112K
  class space    used 7915K, committed 8192K, reserved 1048576K
}
Event: 42485.930 GC heap after
{Heap after GC invocations=2044 (full 1900):
 garbage-first heap   total 152576K, used 59465K [0x00000000c0000000, 0x0000000100000000)
  region size 1024K, 0 young (0K), 0 survivors (0K)
 Metaspace       used 64050K, committed 64576K, reserved 1114112K
  class space    used 7915K, committed 8192K, reserved 1048576K
}
Event: 42496.093 GC heap before
{Heap before GC invocations=2044 (full 1900):
 garbage-first heap   total 152576K, used 59465K [0x00000000c0000000, 0x0000000100000000)
  region size 1024K, 1 young (1024K), 0 survivors (0K)
 Metaspace       used 64050K, committed 64576K, reserved 1114112K
  class space    used 7915K, committed 8192K, reserved 1048576K
}
Event: 42496.136 GC heap after
{Heap after GC invocations=2045 (full 1901):
 garbage-first heap   total 152576K, used 59465K [0x00000000c0000000, 0x0000000100000000)
  region size 1024K, 0 young (0K), 0 survivors (0K)
 Metaspace       used 64050K, committed 64576K, reserved 1114112K
  class space    used 7915K, committed 8192K, reserved 1048576K
}
Event: 42506.297 GC heap before
{Heap before GC invocations=2045 (full 1901):
 garbage-first heap   total 152576K, used 59465K [0x00000000c0000000, 0x0000000100000000)
  region size 1024K, 1 young (1024K), 0 survivors (0K)
 Metaspace       used 64050K, committed 64576K, reserved 1114112K
  class space    used 7915K, committed 8192K, reserved 1048576K
}
Event: 42506.344 GC heap after
{Heap after GC invocations=2046 (full 1902):
 garbage-first heap   total 152576K, used 59465K [0x00000000c0000000, 0x0000000100000000)
  region size 1024K, 0 young (0K), 0 survivors (0K)
 Metaspace       used 64050K, committed 64576K, reserved 1114112K
  class space    used 7915K, committed 8192K, reserved 1048576K
}
Event: 42516.830 GC heap before
{Heap before GC invocations=2046 (full 1902):
 garbage-first heap   total 152576K, used 59465K [0x00000000c0000000, 0x0000000100000000)
  region size 1024K, 1 young (1024K), 0 survivors (0K)
 Metaspace       used 64050K, committed 64576K, reserved 1114112K
  class space    used 7915K, committed 8192K, reserved 1048576K
}
Event: 42516.955 GC heap after
{Heap after GC invocations=2047 (full 1903):
 garbage-first heap   total 152576K, used 59465K [0x00000000c0000000, 0x0000000100000000)
  region size 1024K, 0 young (0K), 0 survivors (0K)
 Metaspace       used 64050K, committed 64576K, reserved 1114112K
  class space    used 7915K, committed 8192K, reserved 1048576K
}
Event: 42527.351 GC heap before
{Heap before GC invocations=2047 (full 1903):
 garbage-first heap   total 152576K, used 59465K [0x00000000c0000000, 0x0000000100000000)
  region size 1024K, 1 young (1024K), 0 survivors (0K)
 Metaspace       used 64050K, committed 64576K, reserved 1114112K
  class space    used 7915K, committed 8192K, reserved 1048576K
}
Event: 42527.463 GC heap after
{Heap after GC invocations=2048 (full 1904):
 garbage-first heap   total 152576K, used 59465K [0x00000000c0000000, 0x0000000100000000)
  region size 1024K, 0 young (0K), 0 survivors (0K)
 Metaspace       used 64050K, committed 64576K, reserved 1114112K
  class space    used 7915K, committed 8192K, reserved 1048576K
}
Event: 42537.895 GC heap before
{Heap before GC invocations=2048 (full 1904):
 garbage-first heap   total 152576K, used 59465K [0x00000000c0000000, 0x0000000100000000)
  region size 1024K, 1 young (1024K), 0 survivors (0K)
 Metaspace       used 64050K, committed 64576K, reserved 1114112K
  class space    used 7915K, committed 8192K, reserved 1048576K
}
Event: 42538.001 GC heap after
{Heap after GC invocations=2049 (full 1905):
 garbage-first heap   total 152576K, used 59465K [0x00000000c0000000, 0x0000000100000000)
  region size 1024K, 0 young (0K), 0 survivors (0K)
 Metaspace       used 64050K, committed 64576K, reserved 1114112K
  class space    used 7915K, committed 8192K, reserved 1048576K
}
Event: 42548.565 GC heap before
{Heap before GC invocations=2049 (full 1905):
 garbage-first heap   total 152576K, used 59465K [0x00000000c0000000, 0x0000000100000000)
  region size 1024K, 1 young (1024K), 0 survivors (0K)
 Metaspace       used 64050K, committed 64576K, reserved 1114112K
  class space    used 7915K, committed 8192K, reserved 1048576K
}
Event: 42548.670 GC heap after
{Heap after GC invocations=2050 (full 1906):
 garbage-first heap   total 152576K, used 59465K [0x00000000c0000000, 0x0000000100000000)
  region size 1024K, 0 young (0K), 0 survivors (0K)
 Metaspace       used 64050K, committed 64576K, reserved 1114112K
  class space    used 7915K, committed 8192K, reserved 1048576K
}
Event: 42559.183 GC heap before
{Heap before GC invocations=2050 (full 1906):
 garbage-first heap   total 152576K, used 59465K [0x00000000c0000000, 0x0000000100000000)
  region size 1024K, 1 young (1024K), 0 survivors (0K)
 Metaspace       used 64050K, committed 64576K, reserved 1114112K
  class space    used 7915K, committed 8192K, reserved 1048576K
}
Event: 42559.296 GC heap after
{Heap after GC invocations=2051 (full 1907):
 garbage-first heap   total 152576K, used 59465K [0x00000000c0000000, 0x0000000100000000)
  region size 1024K, 0 young (0K), 0 survivors (0K)
 Metaspace       used 64050K, committed 64576K, reserved 1114112K
  class space    used 7915K, committed 8192K, reserved 1048576K
}
Event: 42569.699 GC heap before
{Heap before GC invocations=2051 (full 1907):
 garbage-first heap   total 152576K, used 59465K [0x00000000c0000000, 0x0000000100000000)
  region size 1024K, 1 young (1024K), 0 survivors (0K)
 Metaspace       used 64050K, committed 64576K, reserved 1114112K
  class space    used 7915K, committed 8192K, reserved 1048576K
}
Event: 42569.833 GC heap after
{Heap after GC invocations=2052 (full 1908):
 garbage-first heap   total 152576K, used 59465K [0x00000000c0000000, 0x0000000100000000)
  region size 1024K, 0 young (0K), 0 survivors (0K)
 Metaspace       used 64050K, committed 64576K, reserved 1114112K
  class space    used 7915K, committed 8192K, reserved 1048576K
}
Event: 42580.071 GC heap before
{Heap before GC invocations=2052 (full 1908):
 garbage-first heap   total 152576K, used 59465K [0x00000000c0000000, 0x0000000100000000)
  region size 1024K, 1 young (1024K), 0 survivors (0K)
 Metaspace       used 64050K, committed 64576K, reserved 1114112K
  class space    used 7915K, committed 8192K, reserved 1048576K
}

