# JRE version: OpenJDK Runtime Environment Temurin-17.0.12+7 (17.0.12+7) (build 17.0.12+7)
# Java VM: OpenJDK 64-Bit Server VM Temurin-17.0.12+7 (17.0.12+7, mixed mode, tiered, compressed oops, compressed class ptrs, parallel gc, windows-amd64)
GC Precious Log:
 CPUs: 8 total, 8 available
 Memory: 8073M
 Large Page Support: Disabled
 NUMA Support: Disabled
 Compressed Oops: Enabled (32-bit)
 Alignments: Space 512K, Generation 512K, Heap 2M
 Heap Min Capacity: 100M
 Heap Initial Capacity: 100M
 Heap Max Capacity: 1G
 Pre-touch: Disabled
 Parallel Workers: 8
Heap:
 PSYoungGen      total 6144K, used 4877K [0x00000000eab00000, 0x00000000eb380000, 0x0000000100000000)
  eden space 4608K, 72% used [0x00000000eab00000,0x00000000eae43530,0x00000000eaf80000)
  from space 1536K, 100% used [0x00000000eb000000,0x00000000eb180000,0x00000000eb180000)
  to   space 2048K, 0% used [0x00000000eb180000,0x00000000eb180000,0x00000000eb380000)
 ParOldGen       total 187392K, used 118327K [0x00000000c0000000, 0x00000000cb700000, 0x00000000eab00000)
  object space 187392K, 63% used [0x00000000c0000000,0x00000000c738dc40,0x00000000cb700000)
 Metaspace       used 106152K, committed 108096K, reserved 1179648K
  class space    used 10484K, committed 11328K, reserved 1048576K
GC Heap History (20 events):
Event: 96007.266 GC heap before
{Heap before GC invocations=6329 (full 107):
 PSYoungGen      total 6144K, used 6130K [0x00000000eab00000, 0x00000000eb980000, 0x0000000100000000)
  eden space 4608K, 100% used [0x00000000eab00000,0x00000000eaf80000,0x00000000eaf80000)
  from space 1536K, 99% used [0x00000000eb400000,0x00000000eb57ca60,0x00000000eb580000)
  to   space 4608K, 0% used [0x00000000eaf80000,0x00000000eaf80000,0x00000000eb400000)
 ParOldGen       total 187392K, used 114119K [0x00000000c0000000, 0x00000000cb700000, 0x00000000eab00000)
  object space 187392K, 60% used [0x00000000c0000000,0x00000000c6f71e60,0x00000000cb700000)
 Metaspace       used 105822K, committed 108096K, reserved 1179648K
  class space    used 10458K, committed 11328K, reserved 1048576K
}
Event: 96007.269 GC heap after
{Heap after GC invocations=6329 (full 107):
 PSYoungGen      total 6144K, used 1440K [0x00000000eab00000, 0x00000000eb480000, 0x0000000100000000)
  eden space 4608K, 0% used [0x00000000eab00000,0x00000000eab00000,0x00000000eaf80000)
  from space 1536K, 93% used [0x00000000eaf80000,0x00000000eb0e8010,0x00000000eb100000)
  to   space 2560K, 0% used [0x00000000eb200000,0x00000000eb200000,0x00000000eb480000)
 ParOldGen       total 187392K, used 114119K [0x00000000c0000000, 0x00000000cb700000, 0x00000000eab00000)
  object space 187392K, 60% used [0x00000000c0000000,0x00000000c6f71e60,0x00000000cb700000)
 Metaspace       used 105822K, committed 108096K, reserved 1179648K
  class space    used 10458K, committed 11328K, reserved 1048576K
}
Event: 96007.386 GC heap before
{Heap before GC invocations=6330 (full 107):
 PSYoungGen      total 6144K, used 6048K [0x00000000eab00000, 0x00000000eb480000, 0x0000000100000000)
  eden space 4608K, 100% used [0x00000000eab00000,0x00000000eaf80000,0x00000000eaf80000)
  from space 1536K, 93% used [0x00000000eaf80000,0x00000000eb0e8010,0x00000000eb100000)
  to   space 2560K, 0% used [0x00000000eb200000,0x00000000eb200000,0x00000000eb480000)
 ParOldGen       total 187392K, used 114119K [0x00000000c0000000, 0x00000000cb700000, 0x00000000eab00000)
  object space 187392K, 60% used [0x00000000c0000000,0x00000000c6f71e60,0x00000000cb700000)
 Metaspace       used 106138K, committed 108096K, reserved 1179648K
  class space    used 10484K, committed 11328K, reserved 1048576K
}
Event: 96007.388 GC heap after
{Heap after GC invocations=6330 (full 107):
 PSYoungGen      total 6656K, used 1589K [0x00000000eab00000, 0x00000000eb400000, 0x0000000100000000)
  eden space 4608K, 0% used [0x00000000eab00000,0x00000000eab00000,0x00000000eaf80000)
  from space 2048K, 77% used [0x00000000eb200000,0x00000000eb38d440,0x00000000eb400000)
  to   space 2048K, 0% used [0x00000000eb000000,0x00000000eb000000,0x00000000eb200000)
 ParOldGen       total 187392K, used 114119K [0x00000000c0000000, 0x00000000cb700000, 0x00000000eab00000)
  object space 187392K, 60% used [0x00000000c0000000,0x00000000c6f71e60,0x00000000cb700000)
 Metaspace       used 106138K, committed 108096K, reserved 1179648K
  class space    used 10484K, committed 11328K, reserved 1048576K
}
Event: 96029.843 GC heap before
{Heap before GC invocations=6331 (full 107):
 PSYoungGen      total 6656K, used 6197K [0x00000000eab00000, 0x00000000eb400000, 0x0000000100000000)
  eden space 4608K, 100% used [0x00000000eab00000,0x00000000eaf80000,0x00000000eaf80000)
  from space 2048K, 77% used [0x00000000eb200000,0x00000000eb38d440,0x00000000eb400000)
  to   space 2048K, 0% used [0x00000000eb000000,0x00000000eb000000,0x00000000eb200000)
 ParOldGen       total 187392K, used 114119K [0x00000000c0000000, 0x00000000cb700000, 0x00000000eab00000)
  object space 187392K, 60% used [0x00000000c0000000,0x00000000c6f71e60,0x00000000cb700000)
 Metaspace       used 106152K, committed 108096K, reserved 1179648K
  class space    used 10484K, committed 11328K, reserved 1048576K
}
Event: 96029.847 GC heap after
{Heap after GC invocations=6331 (full 107):
 PSYoungGen      total 6656K, used 2032K [0x00000000eab00000, 0x00000000eb480000, 0x0000000100000000)
  eden space 4608K, 0% used [0x00000000eab00000,0x00000000eab00000,0x00000000eaf80000)
  from space 2048K, 99% used [0x00000000eb000000,0x00000000eb1fc020,0x00000000eb200000)
  to   space 2560K, 0% used [0x00000000eb200000,0x00000000eb200000,0x00000000eb480000)
 ParOldGen       total 187392K, used 114303K [0x00000000c0000000, 0x00000000cb700000, 0x00000000eab00000)
  object space 187392K, 60% used [0x00000000c0000000,0x00000000c6f9fe60,0x00000000cb700000)
 Metaspace       used 106152K, committed 108096K, reserved 1179648K
  class space    used 10484K, committed 11328K, reserved 1048576K
}
Event: 96029.923 GC heap before
{Heap before GC invocations=6332 (full 107):
 PSYoungGen      total 6656K, used 6640K [0x00000000eab00000, 0x00000000eb480000, 0x0000000100000000)
  eden space 4608K, 100% used [0x00000000eab00000,0x00000000eaf80000,0x00000000eaf80000)
  from space 2048K, 99% used [0x00000000eb000000,0x00000000eb1fc020,0x00000000eb200000)
  to   space 2560K, 0% used [0x00000000eb200000,0x00000000eb200000,0x00000000eb480000)
 ParOldGen       total 187392K, used 114303K [0x00000000c0000000, 0x00000000cb700000, 0x00000000eab00000)
  object space 187392K, 60% used [0x00000000c0000000,0x00000000c6f9fe60,0x00000000cb700000)
 Metaspace       used 106152K, committed 108096K, reserved 1179648K
  class space    used 10484K, committed 11328K, reserved 1048576K
}
Event: 96029.929 GC heap after
{Heap after GC invocations=6332 (full 107):
 PSYoungGen      total 7168K, used 2368K [0x00000000eab00000, 0x00000000eb480000, 0x0000000100000000)
  eden space 4608K, 0% used [0x00000000eab00000,0x00000000eab00000,0x00000000eaf80000)
  from space 2560K, 92% used [0x00000000eb200000,0x00000000eb450000,0x00000000eb480000)
  to   space 2560K, 0% used [0x00000000eaf80000,0x00000000eaf80000,0x00000000eb200000)
 ParOldGen       total 187392K, used 115047K [0x00000000c0000000, 0x00000000cb700000, 0x00000000eab00000)
  object space 187392K, 61% used [0x00000000c0000000,0x00000000c7059e70,0x00000000cb700000)
 Metaspace       used 106152K, committed 108096K, reserved 1179648K
  class space    used 10484K, committed 11328K, reserved 1048576K
}
Event: 96029.998 GC heap before
{Heap before GC invocations=6333 (full 107):
 PSYoungGen      total 7168K, used 6963K [0x00000000eab00000, 0x00000000eb480000, 0x0000000100000000)
  eden space 4608K, 99% used [0x00000000eab00000,0x00000000eaf7cdc0,0x00000000eaf80000)
  from space 2560K, 92% used [0x00000000eb200000,0x00000000eb450000,0x00000000eb480000)
  to   space 2560K, 0% used [0x00000000eaf80000,0x00000000eaf80000,0x00000000eb200000)
 ParOldGen       total 187392K, used 115047K [0x00000000c0000000, 0x00000000cb700000, 0x00000000eab00000)
  object space 187392K, 61% used [0x00000000c0000000,0x00000000c7059e70,0x00000000cb700000)
 Metaspace       used 106152K, committed 108096K, reserved 1179648K
  class space    used 10484K, committed 11328K, reserved 1048576K
}
Event: 96030.006 GC heap after
{Heap after GC invocations=6333 (full 107):
 PSYoungGen      total 7168K, used 2560K [0x00000000eab00000, 0x00000000eb580000, 0x0000000100000000)
  eden space 4608K, 0% used [0x00000000eab00000,0x00000000eab00000,0x00000000eaf80000)
  from space 2560K, 100% used [0x00000000eaf80000,0x00000000eb200000,0x00000000eb200000)
  to   space 3072K, 0% used [0x00000000eb280000,0x00000000eb280000,0x00000000eb580000)
 ParOldGen       total 187392K, used 115103K [0x00000000c0000000, 0x00000000cb700000, 0x00000000eab00000)
  object space 187392K, 61% used [0x00000000c0000000,0x00000000c7067e80,0x00000000cb700000)
 Metaspace       used 106152K, committed 108096K, reserved 1179648K
  class space    used 10484K, committed 11328K, reserved 1048576K
}
Event: 96030.090 GC heap before
{Heap before GC invocations=6334 (full 107):
 PSYoungGen      total 7168K, used 7155K [0x00000000eab00000, 0x00000000eb580000, 0x0000000100000000)
  eden space 4608K, 99% used [0x00000000eab00000,0x00000000eaf7cc10,0x00000000eaf80000)
  from space 2560K, 100% used [0x00000000eaf80000,0x00000000eb200000,0x00000000eb200000)
  to   space 3072K, 0% used [0x00000000eb280000,0x00000000eb280000,0x00000000eb580000)
 ParOldGen       total 187392K, used 115103K [0x00000000c0000000, 0x00000000cb700000, 0x00000000eab00000)
  object space 187392K, 61% used [0x00000000c0000000,0x00000000c7067e80,0x00000000cb700000)
 Metaspace       used 106152K, committed 108096K, reserved 1179648K
  class space    used 10484K, committed 11328K, reserved 1048576K
}
Event: 96030.096 GC heap after
{Heap after GC invocations=6334 (full 107):
 PSYoungGen      total 7168K, used 2368K [0x00000000eab00000, 0x00000000eb500000, 0x0000000100000000)
  eden space 4608K, 0% used [0x00000000eab00000,0x00000000eab00000,0x00000000eaf80000)
  from space 2560K, 92% used [0x00000000eb280000,0x00000000eb4d0000,0x00000000eb500000)
  to   space 2560K, 0% used [0x00000000eaf80000,0x00000000eaf80000,0x00000000eb200000)
 ParOldGen       total 187392K, used 115775K [0x00000000c0000000, 0x00000000cb700000, 0x00000000eab00000)
  object space 187392K, 61% used [0x00000000c0000000,0x00000000c710fe80,0x00000000cb700000)
 Metaspace       used 106152K, committed 108096K, reserved 1179648K
  class space    used 10484K, committed 11328K, reserved 1048576K
}
Event: 96030.173 GC heap before
{Heap before GC invocations=6335 (full 107):
 PSYoungGen      total 7168K, used 6976K [0x00000000eab00000, 0x00000000eb500000, 0x0000000100000000)
  eden space 4608K, 100% used [0x00000000eab00000,0x00000000eaf80000,0x00000000eaf80000)
  from space 2560K, 92% used [0x00000000eb280000,0x00000000eb4d0000,0x00000000eb500000)
  to   space 2560K, 0% used [0x00000000eaf80000,0x00000000eaf80000,0x00000000eb200000)
 ParOldGen       total 187392K, used 115775K [0x00000000c0000000, 0x00000000cb700000, 0x00000000eab00000)
  object space 187392K, 61% used [0x00000000c0000000,0x00000000c710fe80,0x00000000cb700000)
 Metaspace       used 106152K, committed 108096K, reserved 1179648K
  class space    used 10484K, committed 11328K, reserved 1048576K
}
Event: 96030.180 GC heap after
{Heap after GC invocations=6335 (full 107):
 PSYoungGen      total 7168K, used 2560K [0x00000000eab00000, 0x00000000eb680000, 0x0000000100000000)
  eden space 4608K, 0% used [0x00000000eab00000,0x00000000eab00000,0x00000000eaf80000)
  from space 2560K, 100% used [0x00000000eaf80000,0x00000000eb200000,0x00000000eb200000)
  to   space 3584K, 0% used [0x00000000eb300000,0x00000000eb300000,0x00000000eb680000)
 ParOldGen       total 187392K, used 116195K [0x00000000c0000000, 0x00000000cb700000, 0x00000000eab00000)
  object space 187392K, 62% used [0x00000000c0000000,0x00000000c7178e90,0x00000000cb700000)
 Metaspace       used 106152K, committed 108096K, reserved 1179648K
  class space    used 10484K, committed 11328K, reserved 1048576K
}
Event: 96030.264 GC heap before
{Heap before GC invocations=6336 (full 107):
 PSYoungGen      total 7168K, used 7168K [0x00000000eab00000, 0x00000000eb680000, 0x0000000100000000)
  eden space 4608K, 100% used [0x00000000eab00000,0x00000000eaf80000,0x00000000eaf80000)
  from space 2560K, 100% used [0x00000000eaf80000,0x00000000eb200000,0x00000000eb200000)
  to   space 3584K, 0% used [0x00000000eb300000,0x00000000eb300000,0x00000000eb680000)
 ParOldGen       total 187392K, used 116195K [0x00000000c0000000, 0x00000000cb700000, 0x00000000eab00000)
  object space 187392K, 62% used [0x00000000c0000000,0x00000000c7178e90,0x00000000cb700000)
 Metaspace       used 106152K, committed 108096K, reserved 1179648K
  class space    used 10484K, committed 11328K, reserved 1048576K
}
Event: 96030.267 GC heap after
{Heap after GC invocations=6336 (full 107):
 PSYoungGen      total 6656K, used 1856K [0x00000000eab00000, 0x00000000eb500000, 0x0000000100000000)
  eden space 4608K, 0% used [0x00000000eab00000,0x00000000eab00000,0x00000000eaf80000)
  from space 2048K, 90% used [0x00000000eb300000,0x00000000eb4d0000,0x00000000eb500000)
  to   space 2560K, 0% used [0x00000000eb000000,0x00000000eb000000,0x00000000eb280000)
 ParOldGen       total 187392K, used 117343K [0x00000000c0000000, 0x00000000cb700000, 0x00000000eab00000)
  object space 187392K, 62% used [0x00000000c0000000,0x00000000c7297c40,0x00000000cb700000)
 Metaspace       used 106152K, committed 108096K, reserved 1179648K
  class space    used 10484K, committed 11328K, reserved 1048576K
}
Event: 96030.331 GC heap before
{Heap before GC invocations=6337 (full 107):
 PSYoungGen      total 6656K, used 6464K [0x00000000eab00000, 0x00000000eb500000, 0x0000000100000000)
  eden space 4608K, 100% used [0x00000000eab00000,0x00000000eaf80000,0x00000000eaf80000)
  from space 2048K, 90% used [0x00000000eb300000,0x00000000eb4d0000,0x00000000eb500000)
  to   space 2560K, 0% used [0x00000000eb000000,0x00000000eb000000,0x00000000eb280000)
 ParOldGen       total 187392K, used 117343K [0x00000000c0000000, 0x00000000cb700000, 0x00000000eab00000)
  object space 187392K, 62% used [0x00000000c0000000,0x00000000c7297c40,0x00000000cb700000)
 Metaspace       used 106152K, committed 108096K, reserved 1179648K
  class space    used 10484K, committed 11328K, reserved 1048576K
}
Event: 96030.335 GC heap after
{Heap after GC invocations=6337 (full 107):
 PSYoungGen      total 6144K, used 1344K [0x00000000eab00000, 0x00000000eb380000, 0x0000000100000000)
  eden space 4608K, 0% used [0x00000000eab00000,0x00000000eab00000,0x00000000eaf80000)
  from space 1536K, 87% used [0x00000000eb000000,0x00000000eb150000,0x00000000eb180000)
  to   space 2048K, 0% used [0x00000000eb180000,0x00000000eb180000,0x00000000eb380000)
 ParOldGen       total 187392K, used 117863K [0x00000000c0000000, 0x00000000cb700000, 0x00000000eab00000)
  object space 187392K, 62% used [0x00000000c0000000,0x00000000c7319c40,0x00000000cb700000)
 Metaspace       used 106152K, committed 108096K, reserved 1179648K
  class space    used 10484K, committed 11328K, reserved 1048576K
}
Event: 96030.480 GC heap before
{Heap before GC invocations=6338 (full 107):
 PSYoungGen      total 6144K, used 5952K [0x00000000eab00000, 0x00000000eb380000, 0x0000000100000000)
  eden space 4608K, 100% used [0x00000000eab00000,0x00000000eaf80000,0x00000000eaf80000)
  from space 1536K, 87% used [0x00000000eb000000,0x00000000eb150000,0x00000000eb180000)
  to   space 2048K, 0% used [0x00000000eb180000,0x00000000eb180000,0x00000000eb380000)
 ParOldGen       total 187392K, used 117863K [0x00000000c0000000, 0x00000000cb700000, 0x00000000eab00000)
  object space 187392K, 62% used [0x00000000c0000000,0x00000000c7319c40,0x00000000cb700000)
 Metaspace       used 106152K, committed 108096K, reserved 1179648K
  class space    used 10484K, committed 11328K, reserved 1048576K
}
Event: 96030.484 GC heap after
{Heap after GC invocations=6338 (full 107):
 PSYoungGen      total 6144K, used 1472K [0x00000000eab00000, 0x00000000eb300000, 0x0000000100000000)
  eden space 4608K, 0% used [0x00000000eab00000,0x00000000eab00000,0x00000000eaf80000)
  from space 1536K, 95% used [0x00000000eb180000,0x00000000eb2f0000,0x00000000eb300000)
  to   space 1536K, 0% used [0x00000000eb000000,0x00000000eb000000,0x00000000eb180000)
 ParOldGen       total 187392K, used 118279K [0x00000000c0000000, 0x00000000cb700000, 0x00000000eab00000)
  object space 187392K, 63% used [0x00000000c0000000,0x00000000c7381c40,0x00000000cb700000)
 Metaspace       used 106152K, committed 108096K, reserved 1179648K
  class space    used 10484K, committed 11328K, reserved 1048576K
}

