# JRE version: OpenJDK Runtime Environment Temurin-17.0.12+7 (17.0.12+7) (build 17.0.12+7)
# Java VM: OpenJDK 64-Bit Server VM Temurin-17.0.12+7 (17.0.12+7, mixed mode, emulated-client, tiered, compressed oops, compressed class ptrs, g1 gc, windows-amd64)
GC Precious Log:
 CPUs: 8 total, 8 available
 Memory: 8073M
 Large Page Support: Disabled
 NUMA Support: Disabled
 Compressed Oops: Enabled (32-bit)
 Heap Region Size: 1M
 Heap Min Capacity: 8M
 Heap Initial Capacity: 128M
 Heap Max Capacity: 1G
 Pre-touch: Disabled
 Parallel Workers: 8
 Concurrent Workers: 2
 Concurrent Refinement Workers: 8
 Periodic GC: Disabled
Heap:
 garbage-first heap   total 130048K, used 43046K [0x00000000c0000000, 0x0000000100000000)
  region size 1024K, 1 young (1024K), 0 survivors (0K)
 Metaspace       used 63257K, committed 63808K, reserved 1114112K
  class space    used 7780K, committed 8064K, reserved 1048576K
GC Heap History (20 events):
Event: 90721.066 GC heap after
{Heap after GC invocations=5756 (full 5730):
 garbage-first heap   total 130048K, used 43046K [0x00000000c0000000, 0x0000000100000000)
  region size 1024K, 0 young (0K), 0 survivors (0K)
 Metaspace       used 63257K, committed 63808K, reserved 1114112K
  class space    used 7780K, committed 8064K, reserved 1048576K
}
Event: 90731.526 GC heap before
{Heap before GC invocations=5756 (full 5730):
 garbage-first heap   total 130048K, used 43046K [0x00000000c0000000, 0x0000000100000000)
  region size 1024K, 1 young (1024K), 0 survivors (0K)
 Metaspace       used 63257K, committed 63808K, reserved 1114112K
  class space    used 7780K, committed 8064K, reserved 1048576K
}
Event: 90731.642 GC heap after
{Heap after GC invocations=5757 (full 5731):
 garbage-first heap   total 130048K, used 43046K [0x00000000c0000000, 0x0000000100000000)
  region size 1024K, 0 young (0K), 0 survivors (0K)
 Metaspace       used 63257K, committed 63808K, reserved 1114112K
  class space    used 7780K, committed 8064K, reserved 1048576K
}
Event: 90742.101 GC heap before
{Heap before GC invocations=5757 (full 5731):
 garbage-first heap   total 130048K, used 43046K [0x00000000c0000000, 0x0000000100000000)
  region size 1024K, 1 young (1024K), 0 survivors (0K)
 Metaspace       used 63257K, committed 63808K, reserved 1114112K
  class space    used 7780K, committed 8064K, reserved 1048576K
}
Event: 90742.247 GC heap after
{Heap after GC invocations=5758 (full 5732):
 garbage-first heap   total 130048K, used 43046K [0x00000000c0000000, 0x0000000100000000)
  region size 1024K, 0 young (0K), 0 survivors (0K)
 Metaspace       used 63257K, committed 63808K, reserved 1114112K
  class space    used 7780K, committed 8064K, reserved 1048576K
}
Event: 90752.598 GC heap before
{Heap before GC invocations=5758 (full 5732):
 garbage-first heap   total 130048K, used 43046K [0x00000000c0000000, 0x0000000100000000)
  region size 1024K, 1 young (1024K), 0 survivors (0K)
 Metaspace       used 63257K, committed 63808K, reserved 1114112K
  class space    used 7780K, committed 8064K, reserved 1048576K
}
Event: 90752.680 GC heap after
{Heap after GC invocations=5759 (full 5733):
 garbage-first heap   total 130048K, used 43046K [0x00000000c0000000, 0x0000000100000000)
  region size 1024K, 0 young (0K), 0 survivors (0K)
 Metaspace       used 63257K, committed 63808K, reserved 1114112K
  class space    used 7780K, committed 8064K, reserved 1048576K
}
Event: 90763.097 GC heap before
{Heap before GC invocations=5759 (full 5733):
 garbage-first heap   total 130048K, used 43046K [0x00000000c0000000, 0x0000000100000000)
  region size 1024K, 1 young (1024K), 0 survivors (0K)
 Metaspace       used 63257K, committed 63808K, reserved 1114112K
  class space    used 7780K, committed 8064K, reserved 1048576K
}
Event: 90763.177 GC heap after
{Heap after GC invocations=5760 (full 5734):
 garbage-first heap   total 130048K, used 43046K [0x00000000c0000000, 0x0000000100000000)
  region size 1024K, 0 young (0K), 0 survivors (0K)
 Metaspace       used 63257K, committed 63808K, reserved 1114112K
  class space    used 7780K, committed 8064K, reserved 1048576K
}
Event: 90773.609 GC heap before
{Heap before GC invocations=5760 (full 5734):
 garbage-first heap   total 130048K, used 43046K [0x00000000c0000000, 0x0000000100000000)
  region size 1024K, 1 young (1024K), 0 survivors (0K)
 Metaspace       used 63257K, committed 63808K, reserved 1114112K
  class space    used 7780K, committed 8064K, reserved 1048576K
}
Event: 90773.685 GC heap after
{Heap after GC invocations=5761 (full 5735):
 garbage-first heap   total 130048K, used 43046K [0x00000000c0000000, 0x0000000100000000)
  region size 1024K, 0 young (0K), 0 survivors (0K)
 Metaspace       used 63257K, committed 63808K, reserved 1114112K
  class space    used 7780K, committed 8064K, reserved 1048576K
}
Event: 90784.227 GC heap before
{Heap before GC invocations=5761 (full 5735):
 garbage-first heap   total 130048K, used 43046K [0x00000000c0000000, 0x0000000100000000)
  region size 1024K, 1 young (1024K), 0 survivors (0K)
 Metaspace       used 63257K, committed 63808K, reserved 1114112K
  class space    used 7780K, committed 8064K, reserved 1048576K
}
Event: 90784.310 GC heap after
{Heap after GC invocations=5762 (full 5736):
 garbage-first heap   total 130048K, used 43046K [0x00000000c0000000, 0x0000000100000000)
  region size 1024K, 0 young (0K), 0 survivors (0K)
 Metaspace       used 63257K, committed 63808K, reserved 1114112K
  class space    used 7780K, committed 8064K, reserved 1048576K
}
Event: 90794.830 GC heap before
{Heap before GC invocations=5762 (full 5736):
 garbage-first heap   total 130048K, used 43046K [0x00000000c0000000, 0x0000000100000000)
  region size 1024K, 1 young (1024K), 0 survivors (0K)
 Metaspace       used 63257K, committed 63808K, reserved 1114112K
  class space    used 7780K, committed 8064K, reserved 1048576K
}
Event: 90794.899 GC heap after
{Heap after GC invocations=5763 (full 5737):
 garbage-first heap   total 130048K, used 43046K [0x00000000c0000000, 0x0000000100000000)
  region size 1024K, 0 young (0K), 0 survivors (0K)
 Metaspace       used 63257K, committed 63808K, reserved 1114112K
  class space    used 7780K, committed 8064K, reserved 1048576K
}
Event: 90805.361 GC heap before
{Heap before GC invocations=5763 (full 5737):
 garbage-first heap   total 130048K, used 43046K [0x00000000c0000000, 0x0000000100000000)
  region size 1024K, 1 young (1024K), 0 survivors (0K)
 Metaspace       used 63257K, committed 63808K, reserved 1114112K
  class space    used 7780K, committed 8064K, reserved 1048576K
}
Event: 90805.440 GC heap after
{Heap after GC invocations=5764 (full 5738):
 garbage-first heap   total 130048K, used 43046K [0x00000000c0000000, 0x0000000100000000)
  region size 1024K, 0 young (0K), 0 survivors (0K)
 Metaspace       used 63257K, committed 63808K, reserved 1114112K
  class space    used 7780K, committed 8064K, reserved 1048576K
}
Event: 90815.861 GC heap before
{Heap before GC invocations=5764 (full 5738):
 garbage-first heap   total 130048K, used 43046K [0x00000000c0000000, 0x0000000100000000)
  region size 1024K, 1 young (1024K), 0 survivors (0K)
 Metaspace       used 63257K, committed 63808K, reserved 1114112K
  class space    used 7780K, committed 8064K, reserved 1048576K
}
Event: 90815.938 GC heap after
{Heap after GC invocations=5765 (full 5739):
 garbage-first heap   total 130048K, used 43046K [0x00000000c0000000, 0x0000000100000000)
  region size 1024K, 0 young (0K), 0 survivors (0K)
 Metaspace       used 63257K, committed 63808K, reserved 1114112K
  class space    used 7780K, committed 8064K, reserved 1048576K
}
Event: 90826.156 GC heap before
{Heap before GC invocations=5765 (full 5739):
 garbage-first heap   total 130048K, used 43046K [0x00000000c0000000, 0x0000000100000000)
  region size 1024K, 1 young (1024K), 0 survivors (0K)
 Metaspace       used 63257K, committed 63808K, reserved 1114112K
  class space    used 7780K, committed 8064K, reserved 1048576K
}

