# JRE version: OpenJDK Runtime Environment Temurin-17.0.12+7 (17.0.12+7) (build 17.0.12+7)
# Java VM: OpenJDK 64-Bit Server VM Temurin-17.0.12+7 (17.0.12+7, mixed mode, tiered, compressed oops, compressed class ptrs, parallel gc, windows-amd64)
GC Precious Log:
 CPUs: 8 total, 8 available
 Memory: 8073M
 Large Page Support: Disabled
 NUMA Support: Disabled
 Compressed Oops: Enabled (32-bit)
 Alignments: Space 512K, Generation 512K, Heap 2M
 Heap Min Capacity: 100M
 Heap Initial Capacity: 100M
 Heap Max Capacity: 1G
 Pre-touch: Disabled
 Parallel Workers: 8
Heap:
 PSYoungGen      total 14848K, used 14544K [0x00000000eab00000, 0x00000000ebb80000, 0x0000000100000000)
  eden space 13312K, 100% used [0x00000000eab00000,0x00000000eb800000,0x00000000eb800000)
  from space 1536K, 80% used [0x00000000eba00000,0x00000000ebb34168,0x00000000ebb80000)
  to   space 1536K, 0% used [0x00000000eb880000,0x00000000eb880000,0x00000000eba00000)
 ParOldGen       total 68608K, used 63110K [0x00000000c0000000, 0x00000000c4300000, 0x00000000eab00000)
  object space 68608K, 91% used [0x00000000c0000000,0x00000000c3da1ba0,0x00000000c4300000)
 Metaspace       used 73179K, committed 74432K, reserved 1179648K
  class space    used 7853K, committed 8448K, reserved 1048576K
GC Heap History (20 events):
Event: 17.545 GC heap before
{Heap before GC invocations=50 (full 3):
 PSYoungGen      total 13824K, used 13824K [0x00000000eab00000, 0x00000000ebb00000, 0x0000000100000000)
  eden space 13312K, 100% used [0x00000000eab00000,0x00000000eb800000,0x00000000eb800000)
  from space 512K, 100% used [0x00000000eba80000,0x00000000ebb00000,0x00000000ebb00000)
  to   space 1024K, 0% used [0x00000000eb900000,0x00000000eb900000,0x00000000eba00000)
 ParOldGen       total 68608K, used 57534K [0x00000000c0000000, 0x00000000c4300000, 0x00000000eab00000)
  object space 68608K, 83% used [0x00000000c0000000,0x00000000c382fbe0,0x00000000c4300000)
 Metaspace       used 71506K, committed 72768K, reserved 1114112K
  class space    used 7690K, committed 8256K, reserved 1048576K
}
Event: 17.547 GC heap after
{Heap after GC invocations=50 (full 3):
 PSYoungGen      total 14336K, used 544K [0x00000000eab00000, 0x00000000ebb00000, 0x0000000100000000)
  eden space 13312K, 0% used [0x00000000eab00000,0x00000000eab00000,0x00000000eb800000)
  from space 1024K, 53% used [0x00000000eb900000,0x00000000eb988000,0x00000000eba00000)
  to   space 1024K, 0% used [0x00000000eba00000,0x00000000eba00000,0x00000000ebb00000)
 ParOldGen       total 68608K, used 57937K [0x00000000c0000000, 0x00000000c4300000, 0x00000000eab00000)
  object space 68608K, 84% used [0x00000000c0000000,0x00000000c38946f0,0x00000000c4300000)
 Metaspace       used 71506K, committed 72768K, reserved 1114112K
  class space    used 7690K, committed 8256K, reserved 1048576K
}
Event: 17.604 GC heap before
{Heap before GC invocations=51 (full 3):
 PSYoungGen      total 14336K, used 13856K [0x00000000eab00000, 0x00000000ebb00000, 0x0000000100000000)
  eden space 13312K, 100% used [0x00000000eab00000,0x00000000eb800000,0x00000000eb800000)
  from space 1024K, 53% used [0x00000000eb900000,0x00000000eb988000,0x00000000eba00000)
  to   space 1024K, 0% used [0x00000000eba00000,0x00000000eba00000,0x00000000ebb00000)
 ParOldGen       total 68608K, used 57937K [0x00000000c0000000, 0x00000000c4300000, 0x00000000eab00000)
  object space 68608K, 84% used [0x00000000c0000000,0x00000000c38946f0,0x00000000c4300000)
 Metaspace       used 71605K, committed 72832K, reserved 1114112K
  class space    used 7694K, committed 8256K, reserved 1048576K
}
Event: 17.606 GC heap after
{Heap after GC invocations=51 (full 3):
 PSYoungGen      total 14336K, used 579K [0x00000000eab00000, 0x00000000ebb00000, 0x0000000100000000)
  eden space 13312K, 0% used [0x00000000eab00000,0x00000000eab00000,0x00000000eb800000)
  from space 1024K, 56% used [0x00000000eba00000,0x00000000eba90e78,0x00000000ebb00000)
  to   space 1024K, 0% used [0x00000000eb900000,0x00000000eb900000,0x00000000eba00000)
 ParOldGen       total 68608K, used 58321K [0x00000000c0000000, 0x00000000c4300000, 0x00000000eab00000)
  object space 68608K, 85% used [0x00000000c0000000,0x00000000c38f4608,0x00000000c4300000)
 Metaspace       used 71605K, committed 72832K, reserved 1114112K
  class space    used 7694K, committed 8256K, reserved 1048576K
}
Event: 17.671 GC heap before
{Heap before GC invocations=52 (full 3):
 PSYoungGen      total 14336K, used 13891K [0x00000000eab00000, 0x00000000ebb00000, 0x0000000100000000)
  eden space 13312K, 99% used [0x00000000eab00000,0x00000000eb7fffd8,0x00000000eb800000)
  from space 1024K, 56% used [0x00000000eba00000,0x00000000eba90e78,0x00000000ebb00000)
  to   space 1024K, 0% used [0x00000000eb900000,0x00000000eb900000,0x00000000eba00000)
 ParOldGen       total 68608K, used 58321K [0x00000000c0000000, 0x00000000c4300000, 0x00000000eab00000)
  object space 68608K, 85% used [0x00000000c0000000,0x00000000c38f4608,0x00000000c4300000)
 Metaspace       used 71811K, committed 73024K, reserved 1114112K
  class space    used 7713K, committed 8256K, reserved 1048576K
}
Event: 17.674 GC heap after
{Heap after GC invocations=52 (full 3):
 PSYoungGen      total 14336K, used 608K [0x00000000eab00000, 0x00000000eba80000, 0x0000000100000000)
  eden space 13312K, 0% used [0x00000000eab00000,0x00000000eab00000,0x00000000eb800000)
  from space 1024K, 59% used [0x00000000eb900000,0x00000000eb998020,0x00000000eba00000)
  to   space 512K, 0% used [0x00000000eba00000,0x00000000eba00000,0x00000000eba80000)
 ParOldGen       total 68608K, used 58869K [0x00000000c0000000, 0x00000000c4300000, 0x00000000eab00000)
  object space 68608K, 85% used [0x00000000c0000000,0x00000000c397d480,0x00000000c4300000)
 Metaspace       used 71811K, committed 73024K, reserved 1114112K
  class space    used 7713K, committed 8256K, reserved 1048576K
}
Event: 17.753 GC heap before
{Heap before GC invocations=53 (full 3):
 PSYoungGen      total 14336K, used 13920K [0x00000000eab00000, 0x00000000eba80000, 0x0000000100000000)
  eden space 13312K, 100% used [0x00000000eab00000,0x00000000eb800000,0x00000000eb800000)
  from space 1024K, 59% used [0x00000000eb900000,0x00000000eb998020,0x00000000eba00000)
  to   space 512K, 0% used [0x00000000eba00000,0x00000000eba00000,0x00000000eba80000)
 ParOldGen       total 68608K, used 58869K [0x00000000c0000000, 0x00000000c4300000, 0x00000000eab00000)
  object space 68608K, 85% used [0x00000000c0000000,0x00000000c397d480,0x00000000c4300000)
 Metaspace       used 72031K, committed 73280K, reserved 1114112K
  class space    used 7747K, committed 8320K, reserved 1048576K
}
Event: 17.756 GC heap after
{Heap after GC invocations=53 (full 3):
 PSYoungGen      total 13824K, used 512K [0x00000000eab00000, 0x00000000eba80000, 0x0000000100000000)
  eden space 13312K, 0% used [0x00000000eab00000,0x00000000eab00000,0x00000000eb800000)
  from space 512K, 100% used [0x00000000eba00000,0x00000000eba80000,0x00000000eba80000)
  to   space 1024K, 0% used [0x00000000eb880000,0x00000000eb880000,0x00000000eb980000)
 ParOldGen       total 68608K, used 59307K [0x00000000c0000000, 0x00000000c4300000, 0x00000000eab00000)
  object space 68608K, 86% used [0x00000000c0000000,0x00000000c39ead88,0x00000000c4300000)
 Metaspace       used 72031K, committed 73280K, reserved 1114112K
  class space    used 7747K, committed 8320K, reserved 1048576K
}
Event: 17.824 GC heap before
{Heap before GC invocations=54 (full 3):
 PSYoungGen      total 13824K, used 13824K [0x00000000eab00000, 0x00000000eba80000, 0x0000000100000000)
  eden space 13312K, 100% used [0x00000000eab00000,0x00000000eb800000,0x00000000eb800000)
  from space 512K, 100% used [0x00000000eba00000,0x00000000eba80000,0x00000000eba80000)
  to   space 1024K, 0% used [0x00000000eb880000,0x00000000eb880000,0x00000000eb980000)
 ParOldGen       total 68608K, used 59307K [0x00000000c0000000, 0x00000000c4300000, 0x00000000eab00000)
  object space 68608K, 86% used [0x00000000c0000000,0x00000000c39ead88,0x00000000c4300000)
 Metaspace       used 72150K, committed 73408K, reserved 1114112K
  class space    used 7762K, committed 8320K, reserved 1048576K
}
Event: 17.826 GC heap after
{Heap after GC invocations=54 (full 3):
 PSYoungGen      total 14336K, used 512K [0x00000000eab00000, 0x00000000eba80000, 0x0000000100000000)
  eden space 13312K, 0% used [0x00000000eab00000,0x00000000eab00000,0x00000000eb800000)
  from space 1024K, 50% used [0x00000000eb880000,0x00000000eb900000,0x00000000eb980000)
  to   space 1024K, 0% used [0x00000000eb980000,0x00000000eb980000,0x00000000eba80000)
 ParOldGen       total 68608K, used 59707K [0x00000000c0000000, 0x00000000c4300000, 0x00000000eab00000)
  object space 68608K, 87% used [0x00000000c0000000,0x00000000c3a4ed88,0x00000000c4300000)
 Metaspace       used 72150K, committed 73408K, reserved 1114112K
  class space    used 7762K, committed 8320K, reserved 1048576K
}
Event: 17.887 GC heap before
{Heap before GC invocations=55 (full 3):
 PSYoungGen      total 14336K, used 13823K [0x00000000eab00000, 0x00000000eba80000, 0x0000000100000000)
  eden space 13312K, 99% used [0x00000000eab00000,0x00000000eb7ffff0,0x00000000eb800000)
  from space 1024K, 50% used [0x00000000eb880000,0x00000000eb900000,0x00000000eb980000)
  to   space 1024K, 0% used [0x00000000eb980000,0x00000000eb980000,0x00000000eba80000)
 ParOldGen       total 68608K, used 59707K [0x00000000c0000000, 0x00000000c4300000, 0x00000000eab00000)
  object space 68608K, 87% used [0x00000000c0000000,0x00000000c3a4ed88,0x00000000c4300000)
 Metaspace       used 72302K, committed 73600K, reserved 1114112K
  class space    used 7774K, committed 8384K, reserved 1048576K
}
Event: 17.889 GC heap after
{Heap after GC invocations=55 (full 3):
 PSYoungGen      total 14336K, used 543K [0x00000000eab00000, 0x00000000eba80000, 0x0000000100000000)
  eden space 13312K, 0% used [0x00000000eab00000,0x00000000eab00000,0x00000000eb800000)
  from space 1024K, 53% used [0x00000000eb980000,0x00000000eba07fc0,0x00000000eba80000)
  to   space 1024K, 0% used [0x00000000eb880000,0x00000000eb880000,0x00000000eb980000)
 ParOldGen       total 68608K, used 60184K [0x00000000c0000000, 0x00000000c4300000, 0x00000000eab00000)
  object space 68608K, 87% used [0x00000000c0000000,0x00000000c3ac6050,0x00000000c4300000)
 Metaspace       used 72302K, committed 73600K, reserved 1114112K
  class space    used 7774K, committed 8384K, reserved 1048576K
}
Event: 17.958 GC heap before
{Heap before GC invocations=56 (full 3):
 PSYoungGen      total 14336K, used 13855K [0x00000000eab00000, 0x00000000eba80000, 0x0000000100000000)
  eden space 13312K, 100% used [0x00000000eab00000,0x00000000eb800000,0x00000000eb800000)
  from space 1024K, 53% used [0x00000000eb980000,0x00000000eba07fc0,0x00000000eba80000)
  to   space 1024K, 0% used [0x00000000eb880000,0x00000000eb880000,0x00000000eb980000)
 ParOldGen       total 68608K, used 60184K [0x00000000c0000000, 0x00000000c4300000, 0x00000000eab00000)
  object space 68608K, 87% used [0x00000000c0000000,0x00000000c3ac6050,0x00000000c4300000)
 Metaspace       used 72401K, committed 73664K, reserved 1114112K
  class space    used 7779K, committed 8384K, reserved 1048576K
}
Event: 17.964 GC heap after
{Heap after GC invocations=56 (full 3):
 PSYoungGen      total 14336K, used 1021K [0x00000000eab00000, 0x00000000ebc00000, 0x0000000100000000)
  eden space 13312K, 0% used [0x00000000eab00000,0x00000000eab00000,0x00000000eb800000)
  from space 1024K, 99% used [0x00000000eb880000,0x00000000eb97f770,0x00000000eb980000)
  to   space 2048K, 0% used [0x00000000eba00000,0x00000000eba00000,0x00000000ebc00000)
 ParOldGen       total 68608K, used 60656K [0x00000000c0000000, 0x00000000c4300000, 0x00000000eab00000)
  object space 68608K, 88% used [0x00000000c0000000,0x00000000c3b3c360,0x00000000c4300000)
 Metaspace       used 72401K, committed 73664K, reserved 1114112K
  class space    used 7779K, committed 8384K, reserved 1048576K
}
Event: 18.058 GC heap before
{Heap before GC invocations=57 (full 3):
 PSYoungGen      total 14336K, used 14333K [0x00000000eab00000, 0x00000000ebc00000, 0x0000000100000000)
  eden space 13312K, 100% used [0x00000000eab00000,0x00000000eb800000,0x00000000eb800000)
  from space 1024K, 99% used [0x00000000eb880000,0x00000000eb97f770,0x00000000eb980000)
  to   space 2048K, 0% used [0x00000000eba00000,0x00000000eba00000,0x00000000ebc00000)
 ParOldGen       total 68608K, used 60656K [0x00000000c0000000, 0x00000000c4300000, 0x00000000eab00000)
  object space 68608K, 88% used [0x00000000c0000000,0x00000000c3b3c360,0x00000000c4300000)
 Metaspace       used 72490K, committed 73792K, reserved 1179648K
  class space    used 7781K, committed 8384K, reserved 1048576K
}
Event: 18.063 GC heap after
{Heap after GC invocations=57 (full 3):
 PSYoungGen      total 14336K, used 650K [0x00000000eab00000, 0x00000000ebb00000, 0x0000000100000000)
  eden space 13312K, 0% used [0x00000000eab00000,0x00000000eab00000,0x00000000eb800000)
  from space 1024K, 63% used [0x00000000eba00000,0x00000000ebaa2a20,0x00000000ebb00000)
  to   space 1024K, 0% used [0x00000000eb880000,0x00000000eb880000,0x00000000eb980000)
 ParOldGen       total 68608K, used 61601K [0x00000000c0000000, 0x00000000c4300000, 0x00000000eab00000)
  object space 68608K, 89% used [0x00000000c0000000,0x00000000c3c286f8,0x00000000c4300000)
 Metaspace       used 72490K, committed 73792K, reserved 1179648K
  class space    used 7781K, committed 8384K, reserved 1048576K
}
Event: 18.324 GC heap before
{Heap before GC invocations=58 (full 3):
 PSYoungGen      total 14336K, used 13962K [0x00000000eab00000, 0x00000000ebb00000, 0x0000000100000000)
  eden space 13312K, 100% used [0x00000000eab00000,0x00000000eb800000,0x00000000eb800000)
  from space 1024K, 63% used [0x00000000eba00000,0x00000000ebaa2a20,0x00000000ebb00000)
  to   space 1024K, 0% used [0x00000000eb880000,0x00000000eb880000,0x00000000eb980000)
 ParOldGen       total 68608K, used 61601K [0x00000000c0000000, 0x00000000c4300000, 0x00000000eab00000)
  object space 68608K, 89% used [0x00000000c0000000,0x00000000c3c286f8,0x00000000c4300000)
 Metaspace       used 72857K, committed 74176K, reserved 1179648K
  class space    used 7809K, committed 8448K, reserved 1048576K
}
Event: 18.330 GC heap after
{Heap after GC invocations=58 (full 3):
 PSYoungGen      total 14336K, used 1002K [0x00000000eab00000, 0x00000000ebc00000, 0x0000000100000000)
  eden space 13312K, 0% used [0x00000000eab00000,0x00000000eab00000,0x00000000eb800000)
  from space 1024K, 97% used [0x00000000eb880000,0x00000000eb97abe8,0x00000000eb980000)
  to   space 2048K, 0% used [0x00000000eba00000,0x00000000eba00000,0x00000000ebc00000)
 ParOldGen       total 68608K, used 62200K [0x00000000c0000000, 0x00000000c4300000, 0x00000000eab00000)
  object space 68608K, 90% used [0x00000000c0000000,0x00000000c3cbe2a8,0x00000000c4300000)
 Metaspace       used 72857K, committed 74176K, reserved 1179648K
  class space    used 7809K, committed 8448K, reserved 1048576K
}
Event: 18.595 GC heap before
{Heap before GC invocations=59 (full 3):
 PSYoungGen      total 14336K, used 14314K [0x00000000eab00000, 0x00000000ebc00000, 0x0000000100000000)
  eden space 13312K, 100% used [0x00000000eab00000,0x00000000eb800000,0x00000000eb800000)
  from space 1024K, 97% used [0x00000000eb880000,0x00000000eb97abe8,0x00000000eb980000)
  to   space 2048K, 0% used [0x00000000eba00000,0x00000000eba00000,0x00000000ebc00000)
 ParOldGen       total 68608K, used 62200K [0x00000000c0000000, 0x00000000c4300000, 0x00000000eab00000)
  object space 68608K, 90% used [0x00000000c0000000,0x00000000c3cbe2a8,0x00000000c4300000)
 Metaspace       used 73128K, committed 74432K, reserved 1179648K
  class space    used 7847K, committed 8448K, reserved 1048576K
}
Event: 18.599 GC heap after
{Heap after GC invocations=59 (full 3):
 PSYoungGen      total 14848K, used 1232K [0x00000000eab00000, 0x00000000ebb80000, 0x0000000100000000)
  eden space 13312K, 0% used [0x00000000eab00000,0x00000000eab00000,0x00000000eb800000)
  from space 1536K, 80% used [0x00000000eba00000,0x00000000ebb34168,0x00000000ebb80000)
  to   space 1536K, 0% used [0x00000000eb880000,0x00000000eb880000,0x00000000eba00000)
 ParOldGen       total 68608K, used 63110K [0x00000000c0000000, 0x00000000c4300000, 0x00000000eab00000)
  object space 68608K, 91% used [0x00000000c0000000,0x00000000c3da1ba0,0x00000000c4300000)
 Metaspace       used 73128K, committed 74432K, reserved 1179648K
  class space    used 7847K, committed 8448K, reserved 1048576K
}

